<?xml version="1.0" encoding="UTF-8"?>
<!-- Generated by org.testng.reporters.JUnitReportReporter -->
<testsuite hostname="DESKTOP-CVRSUS7" failures="0" tests="6" name="RunCucumberTest" time="6.204" errors="0" timestamp="19 Feb 2023 16:41:44 GMT" skipped="0">
  <testcase classname="RunCucumberTest" name="runScenario" time="0.332"/>
  <testcase classname="RunCucumberTest" name="runScenario" time="4.339"/>
  <testcase classname="RunCucumberTest" name="runScenario" time="0.278"/>
  <testcase classname="RunCucumberTest" name="runScenario" time="0.261"/>
  <testcase classname="RunCucumberTest" name="runScenario" time="0.505"/>
  <testcase classname="RunCucumberTest" name="runScenario" time="0.489"/>
</testsuite> <!-- RunCucumberTest -->
